<?xml version="1.0" encoding="utf-8"?><testsuites name="pytest tests"><testsuite name="pytest" errors="0" failures="1" skipped="0" tests="15" time="3.154" timestamp="2026-07-03T06:28:15.090623+00:00" hostname="agent-env-0ff365e0-6726-47d1-bed4-5008d8e5819e"><testcase classname="backend.tests.test_ft_pt_schedules.TestAccessGate" name="test_verify_0000_regular" time="0.232" /><testcase classname="backend.tests.test_ft_pt_schedules.TestAccessGate" name="test_verify_0115_admin" time="0.056" /><testcase classname="backend.tests.test_ft_pt_schedules.TestAccessGate" name="test_verify_invalid" time="0.050" /><testcase classname="backend.tests.test_ft_pt_schedules.TestAdminSeed" name="test_admin_login_returns_ft" time="0.053" /><testcase classname="backend.tests.test_ft_pt_schedules.TestAdminSeed" name="test_admin_fortnight_14days" time="0.167"><failure message="AssertionError: unexpected fortnight total 76.0&#10;assert 80.0 &lt;= 76.0">backend/tests/test_ft_pt_schedules.py:97: in test_admin_fortnight_14days
    assert 80.0 &lt;= total &lt;= 90.0, f"unexpected fortnight total {total}"
E   AssertionError: unexpected fortnight total 76.0
E   assert 80.0 &lt;= 76.0</failure></testcase><testcase classname="backend.tests.test_ft_pt_schedules.TestPT" name="test_register_pt_success_and_paid_hours" time="0.218" /><testcase classname="backend.tests.test_ft_pt_schedules.TestPT" name="test_register_pt_missing_hours_400" time="0.050" /><testcase classname="backend.tests.test_ft_pt_schedules.TestFTSubSchedules" name="test_daily_9_5_wrong_day_count_400" time="0.054" /><testcase classname="backend.tests.test_ft_pt_schedules.TestFTSubSchedules" name="test_daily_9_5_good_and_hours_with_lunch" time="0.229" /><testcase classname="backend.tests.test_ft_pt_schedules.TestFTSubSchedules" name="test_daily_9_5_no_lunch_10h" time="0.225" /><testcase classname="backend.tests.test_ft_pt_schedules.TestFTSubSchedules" name="test_daily_8_lunch_and_no_lunch" time="0.412" /><testcase classname="backend.tests.test_ft_pt_schedules.TestScheduleSwitch" name="test_admin_can_switch_ft_schedules" time="0.263" /><testcase classname="backend.tests.test_ft_pt_schedules.TestEmploymentTypeInSocial" name="test_discover_has_employment_type" time="0.369" /><testcase classname="backend.tests.test_ft_pt_schedules.TestEmploymentTypeInSocial" name="test_friends_has_employment_type" time="0.144" /><testcase classname="backend.tests.test_ft_pt_schedules.TestEmploymentTypeInSocial" name="test_posts_and_notifications_have_employment_type" time="0.430" /></testsuite></testsuites>