<?xml version="1.0" encoding="utf-8"?><testsuites name="pytest tests"><testsuite name="pytest" errors="0" failures="0" skipped="0" tests="26" time="1.738" timestamp="2026-07-02T06:40:50.395905+00:00" hostname="agent-env-0ff365e0-6726-47d1-bed4-5008d8e5819e"><testcase classname="backend.tests.backend_test" name="test_root" time="0.190" /><testcase classname="backend.tests.backend_test.TestRegister" name="test_register_success" time="0.052" /><testcase classname="backend.tests.backend_test.TestRegister" name="test_bad_pin_rejected" time="0.043" /><testcase classname="backend.tests.backend_test.TestRegister" name="test_duplicate_pin" time="0.044" /><testcase classname="backend.tests.backend_test.TestRegister" name="test_anchor_not_in_working_days" time="0.044" /><testcase classname="backend.tests.backend_test.TestLogin" name="test_login_correct" time="0.043" /><testcase classname="backend.tests.backend_test.TestLogin" name="test_login_wrong" time="0.043" /><testcase classname="backend.tests.backend_test.TestLogin" name="test_login_bad_format" time="0.043" /><testcase classname="backend.tests.backend_test.TestMe" name="test_me_requires_auth" time="0.043" /><testcase classname="backend.tests.backend_test.TestMe" name="test_me_ok" time="0.044" /><testcase classname="backend.tests.backend_test.TestMe" name="test_update_me_validates_anchor" time="0.045" /><testcase classname="backend.tests.backend_test.TestMe" name="test_update_me_ok" time="0.087" /><testcase classname="backend.tests.backend_test.TestRoster" name="test_roster_14_days" time="0.046" /><testcase classname="backend.tests.backend_test.TestRoster" name="test_week1_all_regular" time="0.086" /><testcase classname="backend.tests.backend_test.TestRoster" name="test_wraparound_monday_anchor" time="0.124" /><testcase classname="backend.tests.backend_test.TestRoster" name="test_rotation_next_fortnight" time="0.044" /><testcase classname="backend.tests.backend_test.TestRoster" name="test_today_endpoint" time="0.044" /><testcase classname="backend.tests.backend_test.TestAdmin" name="test_admin_users_requires_admin" time="0.043" /><testcase classname="backend.tests.backend_test.TestAdmin" name="test_admin_users_ok" time="0.042" /><testcase classname="backend.tests.backend_test.TestAdmin" name="test_admin_roster_by_id" time="0.046" /><testcase classname="backend.tests.backend_test.TestAdmin" name="test_admin_roster_forbidden_for_regular" time="0.041" /><testcase classname="backend.tests.backend_test.TestHolidays" name="test_holidays_2026_wa_public" time="0.042" /><testcase classname="backend.tests.backend_test.TestHolidays" name="test_holidays_includes_school_ranges" time="0.083" /><testcase classname="backend.tests.backend_test.TestHolidays" name="test_holidays_no_auth_required" time="0.139" /><testcase classname="backend.tests.backend_test.TestHolidays" name="test_roster_me_has_holiday_fields_australia_day" time="0.085" /><testcase classname="backend.tests.backend_test.TestHolidays" name="test_roster_today_has_holiday_fields" time="0.044" /></testsuite></testsuites>