<?xml version="1.0" encoding="utf-8"?><testsuites name="pytest tests"><testsuite name="pytest" errors="0" failures="4" skipped="0" tests="38" time="3.217" timestamp="2026-07-02T06:57:50.057248+00:00" hostname="agent-env-0ff365e0-6726-47d1-bed4-5008d8e5819e"><testcase classname="backend.tests.backend_test" name="test_root" time="0.207" /><testcase classname="backend.tests.backend_test.TestRegister" name="test_register_success" time="0.049" /><testcase classname="backend.tests.backend_test.TestRegister" name="test_bad_pin_rejected" time="0.045" /><testcase classname="backend.tests.backend_test.TestRegister" name="test_duplicate_pin" time="0.048" /><testcase classname="backend.tests.backend_test.TestRegister" name="test_anchor_not_in_working_days" time="0.045" /><testcase classname="backend.tests.backend_test.TestLogin" name="test_login_correct" time="0.048" /><testcase classname="backend.tests.backend_test.TestLogin" name="test_login_wrong" time="0.043" /><testcase classname="backend.tests.backend_test.TestLogin" name="test_login_bad_format" time="0.043" /><testcase classname="backend.tests.backend_test.TestMe" name="test_me_requires_auth" time="0.043" /><testcase classname="backend.tests.backend_test.TestMe" name="test_me_ok" time="0.046" /><testcase classname="backend.tests.backend_test.TestMe" name="test_update_me_validates_anchor" time="0.048" /><testcase classname="backend.tests.backend_test.TestMe" name="test_update_me_ok" time="0.128" /><testcase classname="backend.tests.backend_test.TestRoster" name="test_roster_14_days" time="0.075" /><testcase classname="backend.tests.backend_test.TestRoster" name="test_week1_all_regular" time="0.090" /><testcase classname="backend.tests.backend_test.TestRoster" name="test_wraparound_monday_anchor" time="0.093" /><testcase classname="backend.tests.backend_test.TestRoster" name="test_rotation_next_fortnight" time="0.046" /><testcase classname="backend.tests.backend_test.TestRoster" name="test_today_endpoint" time="0.046" /><testcase classname="backend.tests.backend_test.TestAdmin" name="test_admin_users_requires_admin" time="0.047" /><testcase classname="backend.tests.backend_test.TestAdmin" name="test_admin_users_ok" time="0.048" /><testcase classname="backend.tests.backend_test.TestAdmin" name="test_admin_roster_by_id" time="0.046" /><testcase classname="backend.tests.backend_test.TestAdmin" name="test_admin_roster_forbidden_for_regular" time="0.043" /><testcase classname="backend.tests.backend_test.TestHolidays" name="test_holidays_2026_wa_public" time="0.045"><failure message="AssertionError: assert 'Labor Day' == 'Labour Day'&#10;  &#10;  - Labour Day&#10;  ?     -&#10;  + Labor Day">backend/tests/backend_test.py:290: in test_holidays_2026_wa_public
    assert by_date["2026-03-02"]["name"] == "Labour Day"
E   AssertionError: assert 'Labor Day' == 'Labour Day'
E     
E     - Labour Day
E     ?     -
E     + Labor Day</failure></testcase><testcase classname="backend.tests.backend_test.TestHolidays" name="test_holidays_includes_school_ranges" time="0.049" /><testcase classname="backend.tests.backend_test.TestHolidays" name="test_holidays_no_auth_required" time="0.135" /><testcase classname="backend.tests.backend_test.TestHolidays" name="test_roster_me_has_holiday_fields_australia_day" time="0.092" /><testcase classname="backend.tests.backend_test.TestHolidays" name="test_roster_today_has_holiday_fields" time="0.044" /><testcase classname="backend.tests.test_holidays_and_leaves.TestDynamicHolidays" name="test_year_has_core_holidays[2028]" time="0.096"><failure message="AssertionError: 2028: missing holiday matching 'Labour Day'. Got: {&quot;New Year's Day (observed)&quot;, 'Easter Sunday', &quot;New Year's Day&quot;, 'Boxing Day', 'Christmas Day', &quot;King's Birthday&quot;, 'Labor Day', 'Australia Day', 'Easter Monday', 'ANZAC Day', 'Good Friday', 'Western Australia Day'}&#10;assert False&#10; +  where False = any(&lt;generator object TestDynamicHolidays.test_year_has_core_holidays.&lt;locals&gt;.&lt;genexpr&gt; at 0xf865fb1d99a0&gt;)">backend/tests/test_holidays_and_leaves.py:86: in test_year_has_core_holidays
    assert any(exp in n for n in names), f"{year}: missing holiday matching '{exp}'. Got: {names}"
E   AssertionError: 2028: missing holiday matching 'Labour Day'. Got: {"New Year's Day (observed)", 'Easter Sunday', "New Year's Day", 'Boxing Day', 'Christmas Day', "King's Birthday", 'Labor Day', 'Australia Day', 'Easter Monday', 'ANZAC Day', 'Good Friday', 'Western Australia Day'}
E   assert False
E    +  where False = any(&lt;generator object TestDynamicHolidays.test_year_has_core_holidays.&lt;locals&gt;.&lt;genexpr&gt; at 0xf865fb1d99a0&gt;)</failure></testcase><testcase classname="backend.tests.test_holidays_and_leaves.TestDynamicHolidays" name="test_year_has_core_holidays[2029]" time="0.063"><failure message="AssertionError: 2029: missing holiday matching 'Labour Day'. Got: {'Easter Sunday', &quot;New Year's Day&quot;, 'Boxing Day', 'Christmas Day', &quot;King's Birthday&quot;, 'Labor Day', 'Australia Day', 'Easter Monday', 'ANZAC Day', 'Good Friday', 'Western Australia Day'}&#10;assert False&#10; +  where False = any(&lt;generator object TestDynamicHolidays.test_year_has_core_holidays.&lt;locals&gt;.&lt;genexpr&gt; at 0xf865fb1da0a0&gt;)">backend/tests/test_holidays_and_leaves.py:86: in test_year_has_core_holidays
    assert any(exp in n for n in names), f"{year}: missing holiday matching '{exp}'. Got: {names}"
E   AssertionError: 2029: missing holiday matching 'Labour Day'. Got: {'Easter Sunday', "New Year's Day", 'Boxing Day', 'Christmas Day', "King's Birthday", 'Labor Day', 'Australia Day', 'Easter Monday', 'ANZAC Day', 'Good Friday', 'Western Australia Day'}
E   assert False
E    +  where False = any(&lt;generator object TestDynamicHolidays.test_year_has_core_holidays.&lt;locals&gt;.&lt;genexpr&gt; at 0xf865fb1da0a0&gt;)</failure></testcase><testcase classname="backend.tests.test_holidays_and_leaves.TestDynamicHolidays" name="test_year_has_core_holidays[2030]" time="0.043"><failure message="AssertionError: 2030: missing holiday matching 'Labour Day'. Got: {'Easter Sunday', &quot;New Year's Day&quot;, 'Boxing Day', 'Christmas Day', &quot;King's Birthday&quot;, 'Labor Day', 'Australia Day', 'Easter Monday', 'ANZAC Day', 'Good Friday', 'Western Australia Day'}&#10;assert False&#10; +  where False = any(&lt;generator object TestDynamicHolidays.test_year_has_core_holidays.&lt;locals&gt;.&lt;genexpr&gt; at 0xf865fb1da260&gt;)">backend/tests/test_holidays_and_leaves.py:86: in test_year_has_core_holidays
    assert any(exp in n for n in names), f"{year}: missing holiday matching '{exp}'. Got: {names}"
E   AssertionError: 2030: missing holiday matching 'Labour Day'. Got: {'Easter Sunday', "New Year's Day", 'Boxing Day', 'Christmas Day', "King's Birthday", 'Labor Day', 'Australia Day', 'Easter Monday', 'ANZAC Day', 'Good Friday', 'Western Australia Day'}
E   assert False
E    +  where False = any(&lt;generator object TestDynamicHolidays.test_year_has_core_holidays.&lt;locals&gt;.&lt;genexpr&gt; at 0xf865fb1da260&gt;)</failure></testcase><testcase classname="backend.tests.test_holidays_and_leaves.TestDynamicHolidays" name="test_multi_year_range" time="0.043" /><testcase classname="backend.tests.test_holidays_and_leaves.TestAdminRefresh" name="test_regular_user_forbidden" time="0.096" /><testcase classname="backend.tests.test_holidays_and_leaves.TestAdminRefresh" name="test_unauth_401" time="0.045" /><testcase classname="backend.tests.test_holidays_and_leaves.TestAdminRefresh" name="test_admin_success" time="0.092" /><testcase classname="backend.tests.test_holidays_and_leaves.TestLeavesCRUD" name="test_leaves_requires_auth" time="0.044" /><testcase classname="backend.tests.test_holidays_and_leaves.TestLeavesCRUD" name="test_initial_empty_and_add_delete" time="0.404" /><testcase classname="backend.tests.test_holidays_and_leaves.TestLeavesCRUD" name="test_cannot_delete_other_users_leave" time="0.137" /><testcase classname="backend.tests.test_holidays_and_leaves.TestRosterLeaveIntegration" name="test_leave_overrides_regular_day" time="0.184" /><testcase classname="backend.tests.test_holidays_and_leaves.TestRosterLeaveIntegration" name="test_today_endpoint_returns_leave_when_today_marked" time="0.138" /></testsuite></testsuites>